<?xml version="1.0" encoding="UTF-8"?>
<!-- Generated by org.testng.reporters.JUnitReportReporter -->
<testsuite skipped="0" hostname="DESKTOP-IC20N4B" name="testNGFramework.AlertPopupAssing2" tests="2" failures="0" timestamp="05 Aug 2023 17:15:02 GMT" time="17.655" errors="0">
  <testcase name="b_alertFuntion" time="10.321" classname="testNGFramework.AlertPopupAssing2"/>
  <testcase name="a_webdriver" time="7.334" classname="testNGFramework.AlertPopupAssing2"/>
</testsuite> <!-- testNGFramework.AlertPopupAssing2 -->
