<?xml version="1.0" encoding="UTF-8"?>
<!-- Generated by org.testng.reporters.JUnitReportReporter -->
<testsuite skipped="0" hostname="DESKTOP-IC20N4B" name="testNGFramework.JpetStore" tests="4" failures="0" timestamp="05 Aug 2023 17:13:35 GMT" time="22.572" errors="0">
  <testcase name="pageLoad" time="5.175" classname="testNGFramework.JpetStore"/>
  <testcase name="userInfo" time="0.340" classname="testNGFramework.JpetStore"/>
  <testcase name="accountInfo" time="0.910" classname="testNGFramework.JpetStore"/>
  <testcase name="profileInfo" time="16.147" classname="testNGFramework.JpetStore"/>
</testsuite> <!-- testNGFramework.JpetStore -->
