<?xml version="1.0" encoding="UTF-8"?>
<!-- Generated by org.testng.reporters.JUnitReportReporter -->
<testsuite skipped="0" hostname="DESKTOP-IC20N4B" name="testNGFramework.GroupingConcept" tests="3" failures="0" timestamp="12 Aug 2023 06:31:24 GMT" time="0.031" errors="0">
  <testcase name="f5" time="0.000" classname="testNGFramework.GroupingConcept"/>
  <testcase name="f3" time="0.000" classname="testNGFramework.GroupingConcept"/>
  <testcase name="f1" time="0.031" classname="testNGFramework.GroupingConcept"/>
</testsuite> <!-- testNGFramework.GroupingConcept -->
