<?xml version="1.0" encoding="UTF-8"?>
<!-- Generated by org.testng.reporters.JUnitReportReporter -->
<testsuite skipped="0" hostname="DESKTOP-IC20N4B" name="testNGFramework.IFramesDemo" tests="1" failures="0" timestamp="12 Aug 2023 05:18:47 GMT" time="17.039" errors="0">
  <testcase name="a_pageload" time="17.039" classname="testNGFramework.IFramesDemo"/>
</testsuite> <!-- testNGFramework.IFramesDemo -->
