<?xml version="1.0" encoding="UTF-8"?>
<!-- Generated by org.testng.reporters.JUnitReportReporter -->
<testsuite skipped="0" hostname="DESKTOP-IC20N4B" name="testNGFramework.Assingment2" tests="4" failures="0" timestamp="05 Aug 2023 17:01:30 GMT" time="15.109" errors="0">
  <testcase name="a_webdriver" time="12.295" classname="testNGFramework.Assingment2"/>
  <testcase name="d_userIformation" time="1.742" classname="testNGFramework.Assingment2"/>
  <testcase name="b_ContactInformation" time="0.542" classname="testNGFramework.Assingment2"/>
  <testcase name="c_Country" time="0.530" classname="testNGFramework.Assingment2"/>
</testsuite> <!-- testNGFramework.Assingment2 -->
