<?xml version="1.0" encoding="UTF-8"?>
<!-- Generated by org.testng.reporters.JUnitReportReporter -->
<testsuite skipped="0" hostname="DESKTOP-IC20N4B" name="testNGFramework.CloseQuitDemo" tests="2" failures="0" timestamp="05 Aug 2023 17:15:02 GMT" time="7.360" errors="0">
  <testcase name="b_Services" time="1.380" classname="testNGFramework.CloseQuitDemo"/>
  <testcase name="a_wedDriver" time="5.980" classname="testNGFramework.CloseQuitDemo"/>
</testsuite> <!-- testNGFramework.CloseQuitDemo -->
