<?xml version="1.0" encoding="UTF-8"?>
<!-- Generated by org.testng.reporters.JUnitReportReporter -->
<testsuite skipped="0" hostname="DESKTOP-IC20N4B" name="testNGFramework.Assingment1" tests="4" failures="0" timestamp="05 Aug 2023 16:56:07 GMT" time="5.830" errors="0">
  <testcase name="b_personalDetails" time="0.590" classname="testNGFramework.Assingment1"/>
  <testcase name="c_passWord" time="0.210" classname="testNGFramework.Assingment1"/>
  <testcase name="d_NewsLetter" time="0.570" classname="testNGFramework.Assingment1"/>
  <testcase name="a_webDriver" time="4.460" classname="testNGFramework.Assingment1"/>
</testsuite> <!-- testNGFramework.Assingment1 -->
