<?xml version="1.0" encoding="UTF-8"?>
<!-- Generated by org.testng.reporters.JUnitReportReporter -->
<testsuite skipped="0" hostname="DESKTOP-IC20N4B" name="testNGFramework.MethodDependency" tests="5" failures="0" timestamp="12 Aug 2023 06:41:20 GMT" time="0.047" errors="0">
  <testcase name="f4" time="0.031" classname="testNGFramework.MethodDependency"/>
  <testcase name="f3" time="0.000" classname="testNGFramework.MethodDependency"/>
  <testcase name="f1" time="0.016" classname="testNGFramework.MethodDependency"/>
  <testcase name="f2" time="0.000" classname="testNGFramework.MethodDependency"/>
  <testcase name="f5" time="0.000" classname="testNGFramework.MethodDependency"/>
</testsuite> <!-- testNGFramework.MethodDependency -->
