<?xml version="1.0" encoding="UTF-8"?>
<!-- Generated by org.testng.reporters.JUnitReportReporter -->
<testsuite skipped="0" hostname="DESKTOP-IC20N4B" name="testNGFramework.Swaglab" tests="3" failures="0" timestamp="05 Aug 2023 17:13:35 GMT" time="18.385" errors="0">
  <testcase name="webPage" time="2.760" classname="testNGFramework.Swaglab"/>
  <testcase name="logIn" time="10.534" classname="testNGFramework.Swaglab"/>
  <testcase name="logOut" time="5.091" classname="testNGFramework.Swaglab"/>
</testsuite> <!-- testNGFramework.Swaglab -->
