<?xml version="1.0" encoding="UTF-8"?>
<!-- Generated by org.testng.reporters.JUnitReportReporter -->
<testsuite skipped="0" hostname="DESKTOP-IC20N4B" name="testNGFramework.AnnotationsDemo" tests="1" failures="0" timestamp="12 Aug 2023 04:43:56 GMT" time="0.014" errors="0">
  <testcase name="f" time="0.014" classname="testNGFramework.AnnotationsDemo"/>
</testsuite> <!-- testNGFramework.AnnotationsDemo -->
