<?xml version="1.0" encoding="UTF-8"?>
<!-- Generated by org.testng.reporters.JUnitReportReporter -->
<testsuite skipped="1" hostname="DESKTOP-IC20N4B" name="testNGFramework.DisbleScript" tests="5" failures="0" timestamp="06 Aug 2023 05:05:52 GMT" time="0.086" errors="0">
  <testcase name="f4" time="0.001" classname="testNGFramework.DisbleScript"/>
  <testcase name="f2" time="0.002" classname="testNGFramework.DisbleScript"/>
  <testcase name="f5" time="0.005" classname="testNGFramework.DisbleScript"/>
  <testcase name="f1" time="0.078" classname="testNGFramework.DisbleScript"/>
  <testcase name="f3" classname="testNGFramework.DisbleScript">
    <skipped/>
  </testcase> <!-- f3 -->
</testsuite> <!-- testNGFramework.DisbleScript -->
