<?xml version="1.0" encoding="UTF-8"?>
<!-- Generated by org.testng.reporters.JUnitReportReporter -->
<testsuite skipped="0" hostname="DESKTOP-IC20N4B" name="testNGFramework.TakingScreemShotMultiple" tests="1" failures="0" timestamp="12 Aug 2023 15:44:34 GMT" time="13.762" errors="0">
  <testcase name="screenshot" time="13.762" classname="testNGFramework.TakingScreemShotMultiple"/>
</testsuite> <!-- testNGFramework.TakingScreemShotMultiple -->
