<?xml version="1.0" encoding="UTF-8"?>
<!-- Generated by org.testng.reporters.JUnitReportReporter -->
<testsuite skipped="0" hostname="DESKTOP-IC20N4B" name="testNGFramework.AlertsAssingmentPop" tests="2" failures="0" timestamp="05 Aug 2023 16:45:57 GMT" time="23.395" errors="0">
  <testcase name="a_Webdriver" time="8.090" classname="testNGFramework.AlertsAssingmentPop"/>
  <testcase name="b_alertFuction" time="15.305" classname="testNGFramework.AlertsAssingmentPop"/>
</testsuite> <!-- testNGFramework.AlertsAssingmentPop -->
